<?xml version="1.0" encoding="UTF-8"?>
<!-- Generated by org.testng.reporters.JUnitXMLReporter -->
<testsuite ignored="0" hostname="Lenovo-PC" failures="0" tests="1" name="Test" time="95.253" errors="0" timestamp="2022-10-02T23:03:55 PDT">
  <testcase classname="POM_ddf_Testng_Baseclass_utilityclass.kiteTestClass" name="@BeforeMethod logintoApp" time="8.072">
    <failure type="java.io.FileNotFoundException" message="F:\eclipse-workspace\katraj_21_may\src\POM_ddf_Testng_Baseclass_utilityclass\propertyfile.properties (The system cannot find the file specified)">
      <![CDATA[java.io.FileNotFoundException: F:\eclipse-workspace\katraj_21_may\src\POM_ddf_Testng_Baseclass_utilityclass\propertyfile.properties (The system cannot find the file specified)
at java.base/java.io.FileInputStream.open0(Native Method)
at java.base/java.io.FileInputStream.open(FileInputStream.java:219)
at java.base/java.io.FileInputStream.<init>(FileInputStream.java:157)
at java.base/java.io.FileInputStream.<init>(FileInputStream.java:112)
at POM_ddf_Testng_Baseclass_utilityclass.utility_class.getdatafromPF(utility_class.java:25)
at POM_ddf_Testng_Baseclass_utilityclass.kiteTestClass.logintoApp(kiteTestClass.java:47)
at java.base/java.util.ArrayList.forEach(ArrayList.java:1541)
... Removed 31 stack frames]]>
    </failure>
  </testcase> <!-- @BeforeMethod logintoApp -->
  <testcase classname="POM_ddf_Testng_Baseclass_utilityclass.kiteTestClass" name="@AfterMethod logout" time="-1.66477703497E9">
    <skipped/>
  </testcase> <!-- @AfterMethod logout -->
  <testcase classname="POM_ddf_Testng_Baseclass_utilityclass.kiteTestClass" name="@AfterClass closebrowser" time="-1.664777034999E9">
    <skipped/>
  </testcase> <!-- @AfterClass closebrowser -->
  <testcase classname="POM_ddf_Testng_Baseclass_utilityclass.kiteTestClass" name="verify_user_id" time="0.0">
    <skipped/>
  </testcase> <!-- verify_user_id -->
</testsuite> <!-- Test -->
